* using log directory ‘/cloud/project/radford.pkg/radford.pkg.Rcheck’
* using R version 4.3.1 (2023-06-16)
* using platform: x86_64-pc-linux-gnu (64-bit)
* R was compiled by
    gcc (Ubuntu 9.4.0-1ubuntu1~20.04.2) 9.4.0
    GNU Fortran (Ubuntu 9.4.0-1ubuntu1~20.04.2) 9.4.0
* running under: Ubuntu 20.04.6 LTS
* using session charset: UTF-8
* using options ‘--no-manual --as-cran’
* checking for file ‘radford.pkg/DESCRIPTION’ ... OK
* this is package ‘radford.pkg’ version ‘0.1’
* package encoding: UTF-8
* checking package namespace information ... OK
* checking package dependencies ... OK
* checking if this is a source package ... OK
* checking if there is a namespace ... OK
* checking for executable files ... OK
* checking for hidden files and directories ... OK
* checking for portable file names ... OK
* checking for sufficient/correct file permissions ... OK
* checking serialization versions ... OK
* checking whether package ‘radford.pkg’ can be installed ... OK
* checking installed package size ... OK
* checking package directory ... OK
* checking for future file timestamps ... OK
* checking DESCRIPTION meta-information ... NOTE
Malformed Description field: should contain one or more complete sentences.
* checking top-level files ... NOTE
Non-standard files/directories found at top level:
  ‘README.html’ ‘docs’ ‘portal_data_joined.csv’
* checking for left-over files ... OK
* checking index information ... OK
* checking package subdirectories ... OK
* checking R files for non-ASCII characters ... OK
* checking R files for syntax errors ... OK
* checking whether the package can be loaded ... OK
* checking whether the package can be loaded with stated dependencies ... OK
* checking whether the package can be unloaded cleanly ... OK
* checking whether the namespace can be loaded with stated dependencies ... OK
* checking whether the namespace can be unloaded cleanly ... OK
* checking loading without being on the library search path ... OK
* checking dependencies in R code ... NOTE
Namespaces in Imports field not imported from:
  ‘broom’ ‘dplyr’ ‘tidyverse’
  All declared Imports should be used.
Package in Depends field not imported from: ‘magrittr’
  These packages need to be imported from (in the NAMESPACE file)
  for when this namespace is loaded but not attached.
* checking S3 generic/method consistency ... OK
* checking replacement functions ... OK
* checking foreign function calls ... OK
* checking R code for possible problems ... NOTE
linearmodelproj: no visible global function definition for
  ‘geom_smooth’
lineproj: no visible global function definition for ‘ggplot’
lineproj: no visible global function definition for ‘aes’
lineproj: no visible global function definition for ‘geom_line’
removena: no visible global function definition for ‘%>%’
removena: no visible global function definition for ‘na.omit’
Undefined global functions or variables:
  %>% aes geom_line geom_smooth ggplot na.omit
Consider adding
  importFrom("stats", "na.omit")
to your NAMESPACE file.
* checking for missing documentation entries ... OK
* checking files in ‘vignettes’ ... WARNING
Files in the 'vignettes' directory but no files in 'inst/doc':
  ‘ProjectThreeTutorial.Rmd’
Files named as vignettes but with no recognized vignette engine:
   ‘vignettes/ProjectThreeTutorial.Rmd’
(Is a VignetteBuilder field missing?)
* checking examples ... NONE
* checking for non-standard things in the check directory ... OK
* checking for detritus in the temp directory ... OK
* DONE
Status: 1 WARNING, 4 NOTEs
